  [1m[36m (130.8ms)[0m  [1mCREATE TABLE "schema_migrations" ("version" varchar NOT NULL) [0m
  [1m[35m (1.0ms)[0m  select sqlite_version(*)
  [1m[36m (75.3ms)[0m  [1mCREATE UNIQUE INDEX "unique_schema_migrations" ON "schema_migrations" ("version")[0m
  [1m[35mActiveRecord::SchemaMigration Load (0.0ms)[0m  SELECT "schema_migrations".* FROM "schema_migrations"
Migrating to CreateProducts (20150313160457)
  [1m[36m (0.0ms)[0m  [1mbegin transaction[0m
  [1m[35m (2.0ms)[0m  CREATE TABLE "products" ("id" INTEGER PRIMARY KEY AUTOINCREMENT NOT NULL, "title" varchar, "description" text, "price" decimal, "stock_quantity" integer, "created_at" datetime NOT NULL, "updated_at" datetime NOT NULL) 
  [1m[36mSQL (0.0ms)[0m  [1mINSERT INTO "schema_migrations" ("version") VALUES (?)[0m  [["version", "20150313160457"]]
  [1m[35m (68.4ms)[0m  commit transaction
  [1m[36mActiveRecord::SchemaMigration Load (0.0ms)[0m  [1mSELECT "schema_migrations".* FROM "schema_migrations"[0m


Started GET "/" for 127.0.0.1 at 2015-03-13 11:07:13 -0500
  [1m[36mActiveRecord::SchemaMigration Load (0.0ms)[0m  [1mSELECT "schema_migrations".* FROM "schema_migrations"[0m
Processing by ProductsController#index as HTML
  [1m[35mProduct Load (0.0ms)[0m  SELECT "products".* FROM "products"
  Rendered products/index.html.erb within layouts/application (4.0ms)
Completed 500 Internal Server Error in 2182ms (ActiveRecord: 0.0ms)

ActionView::Template::Error (TypeError: Object doesn't support this property or method
  (in C:/RailsInstaller/Ruby2.1.0/lib/ruby/gems/2.1.0/gems/turbolinks-2.5.3/lib/assets/javascripts/turbolinks.js.coffee)):
    3: <head>
    4:   <title>SimpleStore</title>
    5:   <%= stylesheet_link_tag    'application', media: 'all', 'data-turbolinks-track' => true %>
    6:   <%= javascript_include_tag 'application', 'data-turbolinks-track' => true %>
    7:   <%= csrf_meta_tags %>
    8: </head>
    9: <body>
  app/views/layouts/application.html.erb:6:in `_app_views_layouts_application_html_erb__13339771_52154952'


  Rendered C:/RailsInstaller/Ruby2.1.0/lib/ruby/gems/2.1.0/gems/actionpack-4.2.1.rc3/lib/action_dispatch/middleware/templates/rescues/_source.erb (1.0ms)
  Rendered C:/RailsInstaller/Ruby2.1.0/lib/ruby/gems/2.1.0/gems/actionpack-4.2.1.rc3/lib/action_dispatch/middleware/templates/rescues/_trace.html.erb (5.0ms)
  Rendered C:/RailsInstaller/Ruby2.1.0/lib/ruby/gems/2.1.0/gems/actionpack-4.2.1.rc3/lib/action_dispatch/middleware/templates/rescues/_request_and_response.html.erb (1.0ms)
  Rendered C:/RailsInstaller/Ruby2.1.0/lib/ruby/gems/2.1.0/gems/actionpack-4.2.1.rc3/lib/action_dispatch/middleware/templates/rescues/template_error.html.erb within rescues/layout (28.0ms)
  Rendered C:/RailsInstaller/Ruby2.1.0/lib/ruby/gems/2.1.0/gems/web-console-2.1.2/lib/web_console/templates/_markup.html.erb (1.0ms)
  Rendered C:/RailsInstaller/Ruby2.1.0/lib/ruby/gems/2.1.0/gems/web-console-2.1.2/lib/web_console/templates/style.css.erb within layouts/inlined_string (0.0ms)
  Rendered C:/RailsInstaller/Ruby2.1.0/lib/ruby/gems/2.1.0/gems/web-console-2.1.2/lib/web_console/templates/_inner_console_markup.html.erb within layouts/inlined_string (0.0ms)
  Rendered C:/RailsInstaller/Ruby2.1.0/lib/ruby/gems/2.1.0/gems/web-console-2.1.2/lib/web_console/templates/_prompt_box_markup.html.erb within layouts/inlined_string (0.0ms)
  Rendered C:/RailsInstaller/Ruby2.1.0/lib/ruby/gems/2.1.0/gems/web-console-2.1.2/lib/web_console/templates/console.js.erb within layouts/javascript (24.0ms)
  Rendered C:/RailsInstaller/Ruby2.1.0/lib/ruby/gems/2.1.0/gems/web-console-2.1.2/lib/web_console/templates/main.js.erb within layouts/javascript (1.0ms)
  Rendered C:/RailsInstaller/Ruby2.1.0/lib/ruby/gems/2.1.0/gems/web-console-2.1.2/lib/web_console/templates/error_page.js.erb within layouts/javascript (1.0ms)
  Rendered C:/RailsInstaller/Ruby2.1.0/lib/ruby/gems/2.1.0/gems/web-console-2.1.2/lib/web_console/templates/index.html.erb (58.1ms)


Started GET "/" for 127.0.0.1 at 2015-03-13 11:10:49 -0500
Processing by ProductsController#index as HTML
  [1m[36mProduct Load (1.0ms)[0m  [1mSELECT "products".* FROM "products"[0m
  Rendered products/index.html.erb within layouts/application (2.0ms)
Completed 500 Internal Server Error in 1836ms (ActiveRecord: 1.0ms)

ActionView::Template::Error (TypeError: Object doesn't support this property or method
  (in C:/RailsInstaller/Ruby2.1.0/lib/ruby/gems/2.1.0/gems/turbolinks-2.5.3/lib/assets/javascripts/turbolinks.js.coffee)):
    3: <head>
    4:   <title>SimpleStore</title>
    5:   <%= stylesheet_link_tag    'application', media: 'all', 'data-turbolinks-track' => true %>
    6:   <%= javascript_include_tag 'application', 'data-turbolinks-track' => true %>
    7:   <%= csrf_meta_tags %>
    8: </head>
    9: <body>
  app/views/layouts/application.html.erb:6:in `_app_views_layouts_application_html_erb__13339771_52154952'


  Rendered C:/RailsInstaller/Ruby2.1.0/lib/ruby/gems/2.1.0/gems/actionpack-4.2.1.rc3/lib/action_dispatch/middleware/templates/rescues/_source.erb (0.0ms)
  Rendered C:/RailsInstaller/Ruby2.1.0/lib/ruby/gems/2.1.0/gems/actionpack-4.2.1.rc3/lib/action_dispatch/middleware/templates/rescues/_trace.html.erb (3.0ms)
  Rendered C:/RailsInstaller/Ruby2.1.0/lib/ruby/gems/2.1.0/gems/actionpack-4.2.1.rc3/lib/action_dispatch/middleware/templates/rescues/_request_and_response.html.erb (1.0ms)
  Rendered C:/RailsInstaller/Ruby2.1.0/lib/ruby/gems/2.1.0/gems/actionpack-4.2.1.rc3/lib/action_dispatch/middleware/templates/rescues/template_error.html.erb within rescues/layout (26.0ms)
  Rendered C:/RailsInstaller/Ruby2.1.0/lib/ruby/gems/2.1.0/gems/web-console-2.1.2/lib/web_console/templates/_markup.html.erb (0.0ms)
  Rendered C:/RailsInstaller/Ruby2.1.0/lib/ruby/gems/2.1.0/gems/web-console-2.1.2/lib/web_console/templates/style.css.erb within layouts/inlined_string (0.0ms)
  Rendered C:/RailsInstaller/Ruby2.1.0/lib/ruby/gems/2.1.0/gems/web-console-2.1.2/lib/web_console/templates/_inner_console_markup.html.erb within layouts/inlined_string (0.0ms)
  Rendered C:/RailsInstaller/Ruby2.1.0/lib/ruby/gems/2.1.0/gems/web-console-2.1.2/lib/web_console/templates/_prompt_box_markup.html.erb within layouts/inlined_string (0.0ms)
  Rendered C:/RailsInstaller/Ruby2.1.0/lib/ruby/gems/2.1.0/gems/web-console-2.1.2/lib/web_console/templates/console.js.erb within layouts/javascript (24.0ms)
  Rendered C:/RailsInstaller/Ruby2.1.0/lib/ruby/gems/2.1.0/gems/web-console-2.1.2/lib/web_console/templates/main.js.erb within layouts/javascript (0.0ms)
  Rendered C:/RailsInstaller/Ruby2.1.0/lib/ruby/gems/2.1.0/gems/web-console-2.1.2/lib/web_console/templates/error_page.js.erb within layouts/javascript (0.0ms)
  Rendered C:/RailsInstaller/Ruby2.1.0/lib/ruby/gems/2.1.0/gems/web-console-2.1.2/lib/web_console/templates/index.html.erb (51.0ms)


Started GET "/" for 127.0.0.1 at 2015-03-13 11:11:47 -0500
Processing by ProductsController#index as HTML
  [1m[35mProduct Load (0.0ms)[0m  SELECT "products".* FROM "products"
  Rendered products/index.html.erb within layouts/application (2.0ms)
Completed 500 Internal Server Error in 1965ms (ActiveRecord: 0.0ms)

ActionView::Template::Error (TypeError: Object doesn't support this property or method
  (in C:/RailsInstaller/Ruby2.1.0/lib/ruby/gems/2.1.0/gems/turbolinks-2.5.3/lib/assets/javascripts/turbolinks.js.coffee)):
    3: <head>
    4:   <title>SimpleStore</title>
    5:   <%= stylesheet_link_tag    'application', media: 'all', 'data-turbolinks-track' => true %>
    6:   <%= javascript_include_tag 'application', 'data-turbolinks-track' => true %>
    7:   <%= csrf_meta_tags %>
    8: </head>
    9: <body>
  app/views/layouts/application.html.erb:6:in `_app_views_layouts_application_html_erb__13339771_52154952'


  Rendered C:/RailsInstaller/Ruby2.1.0/lib/ruby/gems/2.1.0/gems/actionpack-4.2.1.rc3/lib/action_dispatch/middleware/templates/rescues/_source.erb (0.0ms)
  Rendered C:/RailsInstaller/Ruby2.1.0/lib/ruby/gems/2.1.0/gems/actionpack-4.2.1.rc3/lib/action_dispatch/middleware/templates/rescues/_trace.html.erb (3.0ms)
  Rendered C:/RailsInstaller/Ruby2.1.0/lib/ruby/gems/2.1.0/gems/actionpack-4.2.1.rc3/lib/action_dispatch/middleware/templates/rescues/_request_and_response.html.erb (0.0ms)
  Rendered C:/RailsInstaller/Ruby2.1.0/lib/ruby/gems/2.1.0/gems/actionpack-4.2.1.rc3/lib/action_dispatch/middleware/templates/rescues/template_error.html.erb within rescues/layout (26.0ms)
  Rendered C:/RailsInstaller/Ruby2.1.0/lib/ruby/gems/2.1.0/gems/web-console-2.1.2/lib/web_console/templates/_markup.html.erb (0.0ms)
  Rendered C:/RailsInstaller/Ruby2.1.0/lib/ruby/gems/2.1.0/gems/web-console-2.1.2/lib/web_console/templates/style.css.erb within layouts/inlined_string (0.0ms)
  Rendered C:/RailsInstaller/Ruby2.1.0/lib/ruby/gems/2.1.0/gems/web-console-2.1.2/lib/web_console/templates/_inner_console_markup.html.erb within layouts/inlined_string (0.0ms)
  Rendered C:/RailsInstaller/Ruby2.1.0/lib/ruby/gems/2.1.0/gems/web-console-2.1.2/lib/web_console/templates/_prompt_box_markup.html.erb within layouts/inlined_string (0.0ms)
  Rendered C:/RailsInstaller/Ruby2.1.0/lib/ruby/gems/2.1.0/gems/web-console-2.1.2/lib/web_console/templates/console.js.erb within layouts/javascript (23.0ms)
  Rendered C:/RailsInstaller/Ruby2.1.0/lib/ruby/gems/2.1.0/gems/web-console-2.1.2/lib/web_console/templates/main.js.erb within layouts/javascript (0.0ms)
  Rendered C:/RailsInstaller/Ruby2.1.0/lib/ruby/gems/2.1.0/gems/web-console-2.1.2/lib/web_console/templates/error_page.js.erb within layouts/javascript (0.0ms)
  Rendered C:/RailsInstaller/Ruby2.1.0/lib/ruby/gems/2.1.0/gems/web-console-2.1.2/lib/web_console/templates/index.html.erb (51.0ms)


Started GET "/" for 127.0.0.1 at 2015-03-13 11:12:12 -0500
Processing by ProductsController#index as HTML
  [1m[36mProduct Load (0.0ms)[0m  [1mSELECT "products".* FROM "products"[0m
  Rendered products/index.html.erb within layouts/application (1.0ms)
Completed 500 Internal Server Error in 1849ms (ActiveRecord: 0.0ms)

ActionView::Template::Error (TypeError: Object doesn't support this property or method
  (in C:/RailsInstaller/Ruby2.1.0/lib/ruby/gems/2.1.0/gems/turbolinks-2.5.3/lib/assets/javascripts/turbolinks.js.coffee)):
    3: <head>
    4:   <title>SimpleStore</title>
    5:   <%= stylesheet_link_tag    'application', media: 'all', 'data-turbolinks-track' => true %>
    6:   <%= javascript_include_tag 'application', 'data-turbolinks-track' => true %>
    7:   <%= csrf_meta_tags %>
    8: </head>
    9: <body>
  app/views/layouts/application.html.erb:6:in `_app_views_layouts_application_html_erb__13339771_52154952'


  Rendered C:/RailsInstaller/Ruby2.1.0/lib/ruby/gems/2.1.0/gems/actionpack-4.2.1.rc3/lib/action_dispatch/middleware/templates/rescues/_source.erb (0.0ms)
  Rendered C:/RailsInstaller/Ruby2.1.0/lib/ruby/gems/2.1.0/gems/actionpack-4.2.1.rc3/lib/action_dispatch/middleware/templates/rescues/_trace.html.erb (3.0ms)
  Rendered C:/RailsInstaller/Ruby2.1.0/lib/ruby/gems/2.1.0/gems/actionpack-4.2.1.rc3/lib/action_dispatch/middleware/templates/rescues/_request_and_response.html.erb (1.0ms)
  Rendered C:/RailsInstaller/Ruby2.1.0/lib/ruby/gems/2.1.0/gems/actionpack-4.2.1.rc3/lib/action_dispatch/middleware/templates/rescues/template_error.html.erb within rescues/layout (26.0ms)
  Rendered C:/RailsInstaller/Ruby2.1.0/lib/ruby/gems/2.1.0/gems/web-console-2.1.2/lib/web_console/templates/_markup.html.erb (0.0ms)
  Rendered C:/RailsInstaller/Ruby2.1.0/lib/ruby/gems/2.1.0/gems/web-console-2.1.2/lib/web_console/templates/style.css.erb within layouts/inlined_string (0.0ms)
  Rendered C:/RailsInstaller/Ruby2.1.0/lib/ruby/gems/2.1.0/gems/web-console-2.1.2/lib/web_console/templates/_inner_console_markup.html.erb within layouts/inlined_string (1.0ms)
  Rendered C:/RailsInstaller/Ruby2.1.0/lib/ruby/gems/2.1.0/gems/web-console-2.1.2/lib/web_console/templates/_prompt_box_markup.html.erb within layouts/inlined_string (0.0ms)
  Rendered C:/RailsInstaller/Ruby2.1.0/lib/ruby/gems/2.1.0/gems/web-console-2.1.2/lib/web_console/templates/console.js.erb within layouts/javascript (24.0ms)
  Rendered C:/RailsInstaller/Ruby2.1.0/lib/ruby/gems/2.1.0/gems/web-console-2.1.2/lib/web_console/templates/main.js.erb within layouts/javascript (0.0ms)
  Rendered C:/RailsInstaller/Ruby2.1.0/lib/ruby/gems/2.1.0/gems/web-console-2.1.2/lib/web_console/templates/error_page.js.erb within layouts/javascript (1.0ms)
  Rendered C:/RailsInstaller/Ruby2.1.0/lib/ruby/gems/2.1.0/gems/web-console-2.1.2/lib/web_console/templates/index.html.erb (52.0ms)


Started GET "/" for 127.0.0.1 at 2015-03-13 11:12:43 -0500
  [1m[36mActiveRecord::SchemaMigration Load (0.0ms)[0m  [1mSELECT "schema_migrations".* FROM "schema_migrations"[0m
Processing by ProductsController#index as HTML
  [1m[35mProduct Load (1.0ms)[0m  SELECT "products".* FROM "products"
  Rendered products/index.html.erb within layouts/application (6.0ms)
Completed 200 OK in 3164ms (Views: 3142.6ms | ActiveRecord: 1.0ms)


Started GET "/assets/products-64e62ddc273c2f5847f30d698ca14b67.css?body=1" for 127.0.0.1 at 2015-03-13 11:12:46 -0500


Started GET "/assets/scaffolds-7bfa2dbc5943d3ba222873ff0009c1b0.css?body=1" for 127.0.0.1 at 2015-03-13 11:12:46 -0500


Started GET "/assets/application-449c2b85805a74fac127b00985ffb3a7.css?body=1" for 127.0.0.1 at 2015-03-13 11:12:46 -0500


Started GET "/assets/jquery-87424c3c19e96d4fb033c10ebe21ec40.js?body=1" for 127.0.0.1 at 2015-03-13 11:12:46 -0500


Started GET "/assets/jquery_ujs-e27bd20a10d28155845a22d71ef94f2f.js?body=1" for 127.0.0.1 at 2015-03-13 11:12:46 -0500


Started GET "/assets/turbolinks-5cadf2bbb275e5d225b448dd6ec65060.js?body=1" for 127.0.0.1 at 2015-03-13 11:12:46 -0500


Started GET "/assets/products-fcec5b5a277ac7c20cc9f45a209a3bcd.js?body=1" for 127.0.0.1 at 2015-03-13 11:12:46 -0500


Started GET "/assets/application-82c1f5e5f3f13a81e89b0310d80c0679.js?body=1" for 127.0.0.1 at 2015-03-13 11:12:46 -0500


Started GET "/products/new" for 127.0.0.1 at 2015-03-13 11:12:48 -0500
Processing by ProductsController#new as HTML
  Rendered products/_form.html.erb (47.3ms)
  Rendered products/new.html.erb within layouts/application (51.3ms)
Completed 200 OK in 101ms (Views: 96.4ms | ActiveRecord: 0.0ms)


Started POST "/products" for 127.0.0.1 at 2015-03-13 11:14:49 -0500
Processing by ProductsController#create as HTML
  Parameters: {"utf8"=>"✓", "authenticity_token"=>"2BVZQFDrAhba/y/S1CNW6u1dhcZ6EOJcy9z7PxRXI5HkCb3iMS2nTbq5OfiSLNkP2h/feBqKURMK/qD/v4WfDA==", "product"=>{"title"=>"Tea", "description"=>"Green Tea", "price"=>"5.99", "stock_quantity"=>"42"}, "commit"=>"Create Product"}
  [1m[36m (0.0ms)[0m  [1mbegin transaction[0m
  [1m[35mSQL (1.0ms)[0m  INSERT INTO "products" ("title", "description", "price", "stock_quantity", "created_at", "updated_at") VALUES (?, ?, ?, ?, ?, ?)  [["title", "Tea"], ["description", "Green Tea"], ["price", 5.99], ["stock_quantity", 42], ["created_at", "2015-03-13 16:14:49.288634"], ["updated_at", "2015-03-13 16:14:49.288634"]]
  [1m[36m (108.2ms)[0m  [1mcommit transaction[0m
Redirected to http://localhost:3000/products/1
Completed 302 Found in 118ms (ActiveRecord: 109.2ms)


Started GET "/products/1" for 127.0.0.1 at 2015-03-13 11:14:49 -0500
Processing by ProductsController#show as HTML
  Parameters: {"id"=>"1"}
  [1m[35mProduct Load (1.0ms)[0m  SELECT  "products".* FROM "products" WHERE "products"."id" = ? LIMIT 1  [["id", 1]]
  Rendered products/show.html.erb within layouts/application (1.0ms)
Completed 200 OK in 86ms (Views: 67.0ms | ActiveRecord: 1.0ms)


Started GET "/products" for 127.0.0.1 at 2015-03-13 11:14:50 -0500
Processing by ProductsController#index as HTML
  [1m[36mProduct Load (0.0ms)[0m  [1mSELECT "products".* FROM "products"[0m
  Rendered products/index.html.erb within layouts/application (2.0ms)
Completed 200 OK in 46ms (Views: 46.0ms | ActiveRecord: 0.0ms)


Started GET "/products/new" for 127.0.0.1 at 2015-03-13 11:14:52 -0500
Processing by ProductsController#new as HTML
  Rendered products/_form.html.erb (2.0ms)
  Rendered products/new.html.erb within layouts/application (3.0ms)
Completed 200 OK in 50ms (Views: 49.0ms | ActiveRecord: 0.0ms)


Started POST "/products" for 127.0.0.1 at 2015-03-13 11:15:19 -0500
Processing by ProductsController#create as HTML
  Parameters: {"utf8"=>"✓", "authenticity_token"=>"gQ0gd8DA2cne1FwG5wudhikF4eoTnqsrD94yapXn25C9EcTVoQZ8kr6SSiyhBBJjHke7VHMEGGTO/GmqPjVnDQ==", "product"=>{"title"=>"Bacon", "description"=>"Delicious bacon! ", "price"=>"15.99", "stock_quantity"=>"1337"}, "commit"=>"Create Product"}
  [1m[35m (0.0ms)[0m  begin transaction
  [1m[36mSQL (1.0ms)[0m  [1mINSERT INTO "products" ("title", "description", "price", "stock_quantity", "created_at", "updated_at") VALUES (?, ?, ?, ?, ?, ?)[0m  [["title", "Bacon"], ["description", "Delicious bacon! "], ["price", 15.99], ["stock_quantity", 1337], ["created_at", "2015-03-13 16:15:19.357066"], ["updated_at", "2015-03-13 16:15:19.357066"]]
  [1m[35m (160.1ms)[0m  commit transaction
Redirected to http://localhost:3000/products/2
Completed 302 Found in 164ms (ActiveRecord: 161.1ms)


Started GET "/products/2" for 127.0.0.1 at 2015-03-13 11:15:19 -0500
Processing by ProductsController#show as HTML
  Parameters: {"id"=>"2"}
  [1m[36mProduct Load (0.0ms)[0m  [1mSELECT  "products".* FROM "products" WHERE "products"."id" = ? LIMIT 1[0m  [["id", 2]]
  Rendered products/show.html.erb within layouts/application (1.0ms)
Completed 200 OK in 76ms (Views: 74.0ms | ActiveRecord: 0.0ms)


Started GET "/products" for 127.0.0.1 at 2015-03-13 11:15:21 -0500
Processing by ProductsController#index as HTML
  [1m[35mProduct Load (0.0ms)[0m  SELECT "products".* FROM "products"
  Rendered products/index.html.erb within layouts/application (1.0ms)
Completed 200 OK in 45ms (Views: 44.0ms | ActiveRecord: 0.0ms)


Started GET "/products/2/edit" for 127.0.0.1 at 2015-03-13 11:15:23 -0500
Processing by ProductsController#edit as HTML
  Parameters: {"id"=>"2"}
  [1m[36mProduct Load (0.0ms)[0m  [1mSELECT  "products".* FROM "products" WHERE "products"."id" = ? LIMIT 1[0m  [["id", 2]]
  Rendered products/_form.html.erb (2.0ms)
  Rendered products/edit.html.erb within layouts/application (4.0ms)
Completed 200 OK in 52ms (Views: 51.1ms | ActiveRecord: 0.0ms)


Started PATCH "/products/2" for 127.0.0.1 at 2015-03-13 11:15:27 -0500
Processing by ProductsController#update as HTML
  Parameters: {"utf8"=>"✓", "authenticity_token"=>"rp7LUTbX0xHQ+8/GlFZ7OSSyLj/QMYvvO5+wzTAi75KSgi/zVxF2SrC92ezSWfTcE/B0gbCrOKD6vesNm/BTDw==", "product"=>{"title"=>"Bacon", "description"=>"Delicious bacon! ", "price"=>"15.99", "stock_quantity"=>"15"}, "commit"=>"Update Product", "id"=>"2"}
  [1m[35mProduct Load (0.0ms)[0m  SELECT  "products".* FROM "products" WHERE "products"."id" = ? LIMIT 1  [["id", 2]]
  [1m[36m (0.0ms)[0m  [1mbegin transaction[0m
  [1m[35mSQL (0.0ms)[0m  UPDATE "products" SET "stock_quantity" = ?, "updated_at" = ? WHERE "products"."id" = ?  [["stock_quantity", 15], ["updated_at", "2015-03-13 16:15:27.169432"], ["id", 2]]
  [1m[36m (144.0ms)[0m  [1mcommit transaction[0m
Redirected to http://localhost:3000/products/2
Completed 302 Found in 149ms (ActiveRecord: 144.0ms)


Started GET "/products/2" for 127.0.0.1 at 2015-03-13 11:15:27 -0500
Processing by ProductsController#show as HTML
  Parameters: {"id"=>"2"}
  [1m[35mProduct Load (0.0ms)[0m  SELECT  "products".* FROM "products" WHERE "products"."id" = ? LIMIT 1  [["id", 2]]
  Rendered products/show.html.erb within layouts/application (0.0ms)
Completed 200 OK in 52ms (Views: 51.0ms | ActiveRecord: 0.0ms)


Started GET "/products" for 127.0.0.1 at 2015-03-13 11:15:28 -0500
Processing by ProductsController#index as HTML
  [1m[36mProduct Load (0.0ms)[0m  [1mSELECT "products".* FROM "products"[0m
  Rendered products/index.html.erb within layouts/application (1.0ms)
Completed 200 OK in 48ms (Views: 47.0ms | ActiveRecord: 0.0ms)


Started GET "/products/new" for 127.0.0.1 at 2015-03-13 11:15:30 -0500
Processing by ProductsController#new as HTML
  Rendered products/_form.html.erb (2.0ms)
  Rendered products/new.html.erb within layouts/application (4.0ms)
Completed 200 OK in 48ms (Views: 47.0ms | ActiveRecord: 0.0ms)


Started POST "/products" for 127.0.0.1 at 2015-03-13 11:15:53 -0500
Processing by ProductsController#create as HTML
  Parameters: {"utf8"=>"✓", "authenticity_token"=>"yGD9m2FT5kJkAswH2RkPdoQQrtpdJpIsPVc/OC19Y3b0fBk5AJVDGQRE2i2fFoCTs1L0ZD28IWP8dWT4hq/f6w==", "product"=>{"title"=>"Pork", "description"=>"Porky Pig", "price"=>"20.99", "stock_quantity"=>"20"}, "commit"=>"Create Product"}
  [1m[35m (0.0ms)[0m  begin transaction
  [1m[36mSQL (1.0ms)[0m  [1mINSERT INTO "products" ("title", "description", "price", "stock_quantity", "created_at", "updated_at") VALUES (?, ?, ?, ?, ?, ?)[0m  [["title", "Pork"], ["description", "Porky Pig"], ["price", 20.99], ["stock_quantity", 20], ["created_at", "2015-03-13 16:15:53.120723"], ["updated_at", "2015-03-13 16:15:53.120723"]]
  [1m[35m (153.3ms)[0m  commit transaction
Redirected to http://localhost:3000/products/3
Completed 302 Found in 159ms (ActiveRecord: 154.2ms)


Started GET "/products/3" for 127.0.0.1 at 2015-03-13 11:15:53 -0500
Processing by ProductsController#show as HTML
  Parameters: {"id"=>"3"}
  [1m[36mProduct Load (1.0ms)[0m  [1mSELECT  "products".* FROM "products" WHERE "products"."id" = ? LIMIT 1[0m  [["id", 3]]
  Rendered products/show.html.erb within layouts/application (1.0ms)
Completed 200 OK in 88ms (Views: 86.1ms | ActiveRecord: 1.0ms)


Started GET "/products" for 127.0.0.1 at 2015-03-13 11:15:54 -0500
Processing by ProductsController#index as HTML
  [1m[35mProduct Load (0.0ms)[0m  SELECT "products".* FROM "products"
  Rendered products/index.html.erb within layouts/application (2.0ms)
Completed 200 OK in 47ms (Views: 47.0ms | ActiveRecord: 0.0ms)


Started GET "/products/new" for 127.0.0.1 at 2015-03-13 11:15:55 -0500
Processing by ProductsController#new as HTML
  Rendered products/_form.html.erb (2.0ms)
  Rendered products/new.html.erb within layouts/application (4.0ms)
Completed 200 OK in 49ms (Views: 49.0ms | ActiveRecord: 0.0ms)


Started POST "/products" for 127.0.0.1 at 2015-03-13 11:16:28 -0500
Processing by ProductsController#create as HTML
  Parameters: {"utf8"=>"✓", "authenticity_token"=>"gEHSmoDNE8bf8p+9wSGwHft6x18LE5YtEZOWFxHAGL+8XTY44Qu2nb+0iZeHLj/4zDid4WuJJWLQsc3XuhKkIg==", "product"=>{"title"=>"Milk", "description"=>"It's utterly delicious ", "price"=>"4.99", "stock_quantity"=>"50"}, "commit"=>"Create Product"}
  [1m[36m (0.0ms)[0m  [1mbegin transaction[0m
  [1m[35mSQL (0.0ms)[0m  INSERT INTO "products" ("title", "description", "price", "stock_quantity", "created_at", "updated_at") VALUES (?, ?, ?, ?, ?, ?)  [["title", "Milk"], ["description", "It's utterly delicious "], ["price", 4.99], ["stock_quantity", 50], ["created_at", "2015-03-13 16:16:28.545068"], ["updated_at", "2015-03-13 16:16:28.545068"]]
  [1m[36m (86.7ms)[0m  [1mcommit transaction[0m
Redirected to http://localhost:3000/products/4
Completed 302 Found in 91ms (ActiveRecord: 86.7ms)


Started GET "/products/4" for 127.0.0.1 at 2015-03-13 11:16:28 -0500
Processing by ProductsController#show as HTML
  Parameters: {"id"=>"4"}
  [1m[35mProduct Load (0.0ms)[0m  SELECT  "products".* FROM "products" WHERE "products"."id" = ? LIMIT 1  [["id", 4]]
  Rendered products/show.html.erb within layouts/application (1.0ms)
Completed 200 OK in 77ms (Views: 76.1ms | ActiveRecord: 0.0ms)


Started GET "/products" for 127.0.0.1 at 2015-03-13 11:16:29 -0500
Processing by ProductsController#index as HTML
  [1m[36mProduct Load (0.0ms)[0m  [1mSELECT "products".* FROM "products"[0m
  Rendered products/index.html.erb within layouts/application (3.0ms)
Completed 200 OK in 49ms (Views: 49.0ms | ActiveRecord: 0.0ms)


Started GET "/products/new" for 127.0.0.1 at 2015-03-13 11:16:30 -0500
Processing by ProductsController#new as HTML
  Rendered products/_form.html.erb (2.0ms)
  Rendered products/new.html.erb within layouts/application (4.0ms)
Completed 200 OK in 52ms (Views: 52.0ms | ActiveRecord: 0.0ms)


Started POST "/products" for 127.0.0.1 at 2015-03-13 11:17:12 -0500
Processing by ProductsController#create as HTML
  Parameters: {"utf8"=>"✓", "authenticity_token"=>"ZMBSgp3yt5U5AKUTq4ItW9gKFKBU9OQ6PKRCphR50mlY3LYg/DQSzllGszntjaK+70hOHjRuV3X9hhlmv6tu9A==", "product"=>{"title"=>"Bottled Waters", "description"=>"Package of 16 bottled waters", "price"=>"24.99", "stock_quantity"=>"60"}, "commit"=>"Create Product"}
  [1m[35m (0.0ms)[0m  begin transaction
  [1m[36mSQL (1.0ms)[0m  [1mINSERT INTO "products" ("title", "description", "price", "stock_quantity", "created_at", "updated_at") VALUES (?, ?, ?, ?, ?, ?)[0m  [["title", "Bottled Waters"], ["description", "Package of 16 bottled waters"], ["price", 24.99], ["stock_quantity", 60], ["created_at", "2015-03-13 16:17:12.902931"], ["updated_at", "2015-03-13 16:17:12.902931"]]
  [1m[35m (123.2ms)[0m  commit transaction
Redirected to http://localhost:3000/products/5
Completed 302 Found in 127ms (ActiveRecord: 124.2ms)


Started GET "/products/5" for 127.0.0.1 at 2015-03-13 11:17:13 -0500
Processing by ProductsController#show as HTML
  Parameters: {"id"=>"5"}
  [1m[36mProduct Load (1.0ms)[0m  [1mSELECT  "products".* FROM "products" WHERE "products"."id" = ? LIMIT 1[0m  [["id", 5]]
  Rendered products/show.html.erb within layouts/application (1.0ms)
Completed 200 OK in 59ms (Views: 57.0ms | ActiveRecord: 1.0ms)


Started GET "/products" for 127.0.0.1 at 2015-03-13 11:17:14 -0500
Processing by ProductsController#index as HTML
  [1m[35mProduct Load (1.0ms)[0m  SELECT "products".* FROM "products"
  Rendered products/index.html.erb within layouts/application (2.0ms)
Completed 200 OK in 47ms (Views: 45.0ms | ActiveRecord: 1.0ms)
  [1m[36m (0.0ms)[0m  [1mbegin transaction[0m
  [1m[35mSQL (0.0ms)[0m  INSERT INTO "products" ("title", "description", "price", "stock_quantity", "created_at", "updated_at") VALUES (?, ?, ?, ?, ?, ?)  [["title", "Chocolate Milk"], ["description", "It's utterly delicious!"], ["price", 5.99], ["stock_quantity", 40], ["created_at", "2015-03-13 16:19:30.842890"], ["updated_at", "2015-03-13 16:19:30.842890"]]
  [1m[36m (160.0ms)[0m  [1mcommit transaction[0m


Started GET "/products" for 127.0.0.1 at 2015-03-13 11:19:38 -0500
Processing by ProductsController#index as HTML
  [1m[36mProduct Load (0.0ms)[0m  [1mSELECT "products".* FROM "products"[0m
  Rendered products/index.html.erb within layouts/application (2.0ms)
Completed 200 OK in 55ms (Views: 54.0ms | ActiveRecord: 0.0ms)


Started GET "/assets/products-64e62ddc273c2f5847f30d698ca14b67.css?body=1" for 127.0.0.1 at 2015-03-13 11:19:38 -0500


Started GET "/assets/turbolinks-5cadf2bbb275e5d225b448dd6ec65060.js?body=1" for 127.0.0.1 at 2015-03-13 11:19:38 -0500


Started GET "/assets/application-449c2b85805a74fac127b00985ffb3a7.css?body=1" for 127.0.0.1 at 2015-03-13 11:19:38 -0500


Started GET "/assets/jquery_ujs-e27bd20a10d28155845a22d71ef94f2f.js?body=1" for 127.0.0.1 at 2015-03-13 11:19:38 -0500


Started GET "/assets/scaffolds-7bfa2dbc5943d3ba222873ff0009c1b0.css?body=1" for 127.0.0.1 at 2015-03-13 11:19:38 -0500


Started GET "/assets/jquery-87424c3c19e96d4fb033c10ebe21ec40.js?body=1" for 127.0.0.1 at 2015-03-13 11:19:38 -0500


Started GET "/assets/products-fcec5b5a277ac7c20cc9f45a209a3bcd.js?body=1" for 127.0.0.1 at 2015-03-13 11:19:38 -0500


Started GET "/assets/application-82c1f5e5f3f13a81e89b0310d80c0679.js?body=1" for 127.0.0.1 at 2015-03-13 11:19:38 -0500


Started GET "/products" for 127.0.0.1 at 2015-03-13 11:22:21 -0500
Processing by ProductsController#index as HTML
  [1m[35mProduct Load (1.0ms)[0m  SELECT "products".* FROM "products"
  Rendered products/index.html.erb within layouts/application (8.0ms)
Completed 200 OK in 56ms (Views: 51.0ms | ActiveRecord: 2.0ms)


Started GET "/assets/scaffolds-7bfa2dbc5943d3ba222873ff0009c1b0.css?body=1" for 127.0.0.1 at 2015-03-13 11:22:21 -0500


Started GET "/assets/application-449c2b85805a74fac127b00985ffb3a7.css?body=1" for 127.0.0.1 at 2015-03-13 11:22:21 -0500


Started GET "/assets/jquery-87424c3c19e96d4fb033c10ebe21ec40.js?body=1" for 127.0.0.1 at 2015-03-13 11:22:21 -0500


Started GET "/assets/jquery_ujs-e27bd20a10d28155845a22d71ef94f2f.js?body=1" for 127.0.0.1 at 2015-03-13 11:22:21 -0500


Started GET "/assets/turbolinks-5cadf2bbb275e5d225b448dd6ec65060.js?body=1" for 127.0.0.1 at 2015-03-13 11:22:21 -0500


Started GET "/assets/products-64e62ddc273c2f5847f30d698ca14b67.css?body=1" for 127.0.0.1 at 2015-03-13 11:22:21 -0500


Started GET "/assets/products-fcec5b5a277ac7c20cc9f45a209a3bcd.js?body=1" for 127.0.0.1 at 2015-03-13 11:22:21 -0500


Started GET "/assets/application-82c1f5e5f3f13a81e89b0310d80c0679.js?body=1" for 127.0.0.1 at 2015-03-13 11:22:21 -0500


Started GET "/products" for 127.0.0.1 at 2015-03-13 11:28:38 -0500
Processing by ProductsController#index as HTML
  [1m[36mProduct Load (0.0ms)[0m  [1mSELECT "products"."price" FROM "products"[0m
  [1m[35mProduct Load (0.0ms)[0m  SELECT "products".* FROM "products"
  Rendered products/index.html.erb within layouts/application (4.0ms)
Completed 200 OK in 61ms (Views: 48.0ms | ActiveRecord: 1.0ms)


Started GET "/assets/application-449c2b85805a74fac127b00985ffb3a7.css?body=1" for 127.0.0.1 at 2015-03-13 11:28:38 -0500


Started GET "/assets/scaffolds-7bfa2dbc5943d3ba222873ff0009c1b0.css?body=1" for 127.0.0.1 at 2015-03-13 11:28:38 -0500


Started GET "/assets/jquery-87424c3c19e96d4fb033c10ebe21ec40.js?body=1" for 127.0.0.1 at 2015-03-13 11:28:38 -0500


Started GET "/assets/products-64e62ddc273c2f5847f30d698ca14b67.css?body=1" for 127.0.0.1 at 2015-03-13 11:28:38 -0500


Started GET "/assets/jquery_ujs-e27bd20a10d28155845a22d71ef94f2f.js?body=1" for 127.0.0.1 at 2015-03-13 11:28:38 -0500


Started GET "/assets/turbolinks-5cadf2bbb275e5d225b448dd6ec65060.js?body=1" for 127.0.0.1 at 2015-03-13 11:28:38 -0500


Started GET "/assets/products-fcec5b5a277ac7c20cc9f45a209a3bcd.js?body=1" for 127.0.0.1 at 2015-03-13 11:28:38 -0500


Started GET "/assets/application-82c1f5e5f3f13a81e89b0310d80c0679.js?body=1" for 127.0.0.1 at 2015-03-13 11:28:38 -0500


Started GET "/products" for 127.0.0.1 at 2015-03-13 11:29:06 -0500
Processing by ProductsController#index as HTML
  [1m[36mProduct Load (1.0ms)[0m  [1mSELECT "products"."price" FROM "products"[0m
  [1m[35mProduct Load (0.0ms)[0m  SELECT "products".* FROM "products"
  Rendered products/index.html.erb within layouts/application (2.0ms)
Completed 200 OK in 60ms (Views: 58.0ms | ActiveRecord: 1.0ms)


Started GET "/assets/products-64e62ddc273c2f5847f30d698ca14b67.css?body=1" for 127.0.0.1 at 2015-03-13 11:29:06 -0500


Started GET "/assets/application-449c2b85805a74fac127b00985ffb3a7.css?body=1" for 127.0.0.1 at 2015-03-13 11:29:06 -0500


Started GET "/assets/jquery-87424c3c19e96d4fb033c10ebe21ec40.js?body=1" for 127.0.0.1 at 2015-03-13 11:29:06 -0500


Started GET "/assets/jquery_ujs-e27bd20a10d28155845a22d71ef94f2f.js?body=1" for 127.0.0.1 at 2015-03-13 11:29:06 -0500


Started GET "/assets/scaffolds-7bfa2dbc5943d3ba222873ff0009c1b0.css?body=1" for 127.0.0.1 at 2015-03-13 11:29:06 -0500


Started GET "/assets/turbolinks-5cadf2bbb275e5d225b448dd6ec65060.js?body=1" for 127.0.0.1 at 2015-03-13 11:29:06 -0500


Started GET "/assets/products-fcec5b5a277ac7c20cc9f45a209a3bcd.js?body=1" for 127.0.0.1 at 2015-03-13 11:29:06 -0500


Started GET "/assets/application-82c1f5e5f3f13a81e89b0310d80c0679.js?body=1" for 127.0.0.1 at 2015-03-13 11:29:06 -0500


Started GET "/products" for 127.0.0.1 at 2015-03-13 11:29:22 -0500
Processing by ProductsController#index as HTML
  [1m[36mProduct Load (0.0ms)[0m  [1mSELECT "products"."price" FROM "products"[0m
Completed 500 Internal Server Error in 10ms (ActiveRecord: 0.0ms)

NameError (undefined local variable or method `price' for #<Product::ActiveRecord_Relation:0x5add088>):
  app/controllers/products_controller.rb:9:in `index'


  Rendered C:/RailsInstaller/Ruby2.1.0/lib/ruby/gems/2.1.0/gems/actionpack-4.2.1.rc3/lib/action_dispatch/middleware/templates/rescues/_source.erb (1.0ms)
  Rendered C:/RailsInstaller/Ruby2.1.0/lib/ruby/gems/2.1.0/gems/actionpack-4.2.1.rc3/lib/action_dispatch/middleware/templates/rescues/_trace.html.erb (2.0ms)
  Rendered C:/RailsInstaller/Ruby2.1.0/lib/ruby/gems/2.1.0/gems/actionpack-4.2.1.rc3/lib/action_dispatch/middleware/templates/rescues/_request_and_response.html.erb (1.0ms)
  Rendered C:/RailsInstaller/Ruby2.1.0/lib/ruby/gems/2.1.0/gems/actionpack-4.2.1.rc3/lib/action_dispatch/middleware/templates/rescues/diagnostics.html.erb within rescues/layout (25.0ms)
  Rendered C:/RailsInstaller/Ruby2.1.0/lib/ruby/gems/2.1.0/gems/web-console-2.1.2/lib/web_console/templates/_markup.html.erb (1.0ms)
  Rendered C:/RailsInstaller/Ruby2.1.0/lib/ruby/gems/2.1.0/gems/web-console-2.1.2/lib/web_console/templates/style.css.erb within layouts/inlined_string (1.0ms)
  Rendered C:/RailsInstaller/Ruby2.1.0/lib/ruby/gems/2.1.0/gems/web-console-2.1.2/lib/web_console/templates/_inner_console_markup.html.erb within layouts/inlined_string (0.0ms)
  Rendered C:/RailsInstaller/Ruby2.1.0/lib/ruby/gems/2.1.0/gems/web-console-2.1.2/lib/web_console/templates/_prompt_box_markup.html.erb within layouts/inlined_string (0.0ms)
  Rendered C:/RailsInstaller/Ruby2.1.0/lib/ruby/gems/2.1.0/gems/web-console-2.1.2/lib/web_console/templates/console.js.erb within layouts/javascript (24.0ms)
  Rendered C:/RailsInstaller/Ruby2.1.0/lib/ruby/gems/2.1.0/gems/web-console-2.1.2/lib/web_console/templates/main.js.erb within layouts/javascript (0.0ms)
  Rendered C:/RailsInstaller/Ruby2.1.0/lib/ruby/gems/2.1.0/gems/web-console-2.1.2/lib/web_console/templates/error_page.js.erb within layouts/javascript (1.0ms)
  Rendered C:/RailsInstaller/Ruby2.1.0/lib/ruby/gems/2.1.0/gems/web-console-2.1.2/lib/web_console/templates/index.html.erb (53.0ms)


Started GET "/products" for 127.0.0.1 at 2015-03-13 11:29:52 -0500
Processing by ProductsController#index as HTML
  [1m[35mProduct Load (0.0ms)[0m  SELECT "products"."price" FROM "products"
  [1m[36mProduct Load (0.0ms)[0m  [1mSELECT "products".* FROM "products"[0m
  Rendered products/index.html.erb within layouts/application (2.0ms)
Completed 200 OK in 50ms (Views: 42.0ms | ActiveRecord: 1.0ms)


Started GET "/assets/products-64e62ddc273c2f5847f30d698ca14b67.css?body=1" for 127.0.0.1 at 2015-03-13 11:29:52 -0500


Started GET "/assets/scaffolds-7bfa2dbc5943d3ba222873ff0009c1b0.css?body=1" for 127.0.0.1 at 2015-03-13 11:29:52 -0500


Started GET "/assets/application-449c2b85805a74fac127b00985ffb3a7.css?body=1" for 127.0.0.1 at 2015-03-13 11:29:52 -0500


Started GET "/assets/jquery-87424c3c19e96d4fb033c10ebe21ec40.js?body=1" for 127.0.0.1 at 2015-03-13 11:29:52 -0500


Started GET "/assets/jquery_ujs-e27bd20a10d28155845a22d71ef94f2f.js?body=1" for 127.0.0.1 at 2015-03-13 11:29:52 -0500


Started GET "/assets/turbolinks-5cadf2bbb275e5d225b448dd6ec65060.js?body=1" for 127.0.0.1 at 2015-03-13 11:29:52 -0500


Started GET "/assets/products-fcec5b5a277ac7c20cc9f45a209a3bcd.js?body=1" for 127.0.0.1 at 2015-03-13 11:29:52 -0500


Started GET "/assets/application-82c1f5e5f3f13a81e89b0310d80c0679.js?body=1" for 127.0.0.1 at 2015-03-13 11:29:52 -0500


Started GET "/products" for 127.0.0.1 at 2015-03-13 11:30:14 -0500
Processing by ProductsController#index as HTML
  [1m[35mProduct Load (0.0ms)[0m  SELECT "products"."price" FROM "products"
  [1m[36mProduct Load (0.0ms)[0m  [1mSELECT "products".* FROM "products"[0m
  Rendered products/index.html.erb within layouts/application (2.0ms)
Completed 200 OK in 57ms (Views: 43.0ms | ActiveRecord: 0.0ms)


Started GET "/assets/products-64e62ddc273c2f5847f30d698ca14b67.css?body=1" for 127.0.0.1 at 2015-03-13 11:30:15 -0500


Started GET "/assets/scaffolds-7bfa2dbc5943d3ba222873ff0009c1b0.css?body=1" for 127.0.0.1 at 2015-03-13 11:30:15 -0500


Started GET "/assets/application-449c2b85805a74fac127b00985ffb3a7.css?body=1" for 127.0.0.1 at 2015-03-13 11:30:15 -0500


Started GET "/assets/jquery-87424c3c19e96d4fb033c10ebe21ec40.js?body=1" for 127.0.0.1 at 2015-03-13 11:30:15 -0500


Started GET "/assets/jquery_ujs-e27bd20a10d28155845a22d71ef94f2f.js?body=1" for 127.0.0.1 at 2015-03-13 11:30:15 -0500


Started GET "/assets/turbolinks-5cadf2bbb275e5d225b448dd6ec65060.js?body=1" for 127.0.0.1 at 2015-03-13 11:30:15 -0500


Started GET "/assets/products-fcec5b5a277ac7c20cc9f45a209a3bcd.js?body=1" for 127.0.0.1 at 2015-03-13 11:30:15 -0500


Started GET "/assets/application-82c1f5e5f3f13a81e89b0310d80c0679.js?body=1" for 127.0.0.1 at 2015-03-13 11:30:15 -0500


Started GET "/products" for 127.0.0.1 at 2015-03-13 11:30:18 -0500
Processing by ProductsController#index as HTML
  [1m[35mProduct Load (1.0ms)[0m  SELECT "products"."price" FROM "products"
  [1m[36mProduct Load (0.0ms)[0m  [1mSELECT "products".* FROM "products"[0m
  Rendered products/index.html.erb within layouts/application (3.0ms)
Completed 200 OK in 56ms (Views: 53.1ms | ActiveRecord: 1.0ms)


Started GET "/assets/jquery_ujs-e27bd20a10d28155845a22d71ef94f2f.js?body=1" for 127.0.0.1 at 2015-03-13 11:30:18 -0500


Started GET "/assets/turbolinks-5cadf2bbb275e5d225b448dd6ec65060.js?body=1" for 127.0.0.1 at 2015-03-13 11:30:18 -0500


Started GET "/assets/application-449c2b85805a74fac127b00985ffb3a7.css?body=1" for 127.0.0.1 at 2015-03-13 11:30:18 -0500


Started GET "/assets/scaffolds-7bfa2dbc5943d3ba222873ff0009c1b0.css?body=1" for 127.0.0.1 at 2015-03-13 11:30:18 -0500


Started GET "/assets/products-64e62ddc273c2f5847f30d698ca14b67.css?body=1" for 127.0.0.1 at 2015-03-13 11:30:18 -0500


Started GET "/assets/jquery-87424c3c19e96d4fb033c10ebe21ec40.js?body=1" for 127.0.0.1 at 2015-03-13 11:30:18 -0500


Started GET "/assets/products-fcec5b5a277ac7c20cc9f45a209a3bcd.js?body=1" for 127.0.0.1 at 2015-03-13 11:30:18 -0500


Started GET "/assets/application-82c1f5e5f3f13a81e89b0310d80c0679.js?body=1" for 127.0.0.1 at 2015-03-13 11:30:18 -0500


Started GET "/products" for 127.0.0.1 at 2015-03-13 11:30:28 -0500
Processing by ProductsController#index as HTML
  [1m[35mProduct Load (0.0ms)[0m  SELECT "products"."price" FROM "products"
  [1m[36mProduct Load (0.0ms)[0m  [1mSELECT "products".* FROM "products"[0m
  Rendered products/index.html.erb within layouts/application (3.0ms)
Completed 200 OK in 49ms (Views: 47.0ms | ActiveRecord: 0.0ms)


Started GET "/assets/application-449c2b85805a74fac127b00985ffb3a7.css?body=1" for 127.0.0.1 at 2015-03-13 11:30:28 -0500


Started GET "/assets/turbolinks-5cadf2bbb275e5d225b448dd6ec65060.js?body=1" for 127.0.0.1 at 2015-03-13 11:30:28 -0500


Started GET "/assets/products-64e62ddc273c2f5847f30d698ca14b67.css?body=1" for 127.0.0.1 at 2015-03-13 11:30:28 -0500


Started GET "/assets/scaffolds-7bfa2dbc5943d3ba222873ff0009c1b0.css?body=1" for 127.0.0.1 at 2015-03-13 11:30:28 -0500


Started GET "/assets/jquery-87424c3c19e96d4fb033c10ebe21ec40.js?body=1" for 127.0.0.1 at 2015-03-13 11:30:28 -0500


Started GET "/assets/jquery_ujs-e27bd20a10d28155845a22d71ef94f2f.js?body=1" for 127.0.0.1 at 2015-03-13 11:30:28 -0500


Started GET "/assets/products-fcec5b5a277ac7c20cc9f45a209a3bcd.js?body=1" for 127.0.0.1 at 2015-03-13 11:30:28 -0500


Started GET "/assets/application-82c1f5e5f3f13a81e89b0310d80c0679.js?body=1" for 127.0.0.1 at 2015-03-13 11:30:28 -0500


Started GET "/products" for 127.0.0.1 at 2015-03-13 11:30:59 -0500
Processing by ProductsController#index as HTML
  [1m[35mProduct Load (0.0ms)[0m  SELECT "products"."price" FROM "products"
  [1m[36mProduct Load (0.0ms)[0m  [1mSELECT "products".* FROM "products"[0m
  Rendered products/index.html.erb within layouts/application (3.0ms)
Completed 200 OK in 66ms (Views: 53.1ms | ActiveRecord: 1.0ms)


Started GET "/assets/products-64e62ddc273c2f5847f30d698ca14b67.css?body=1" for 127.0.0.1 at 2015-03-13 11:30:59 -0500


Started GET "/assets/scaffolds-7bfa2dbc5943d3ba222873ff0009c1b0.css?body=1" for 127.0.0.1 at 2015-03-13 11:30:59 -0500


Started GET "/assets/application-449c2b85805a74fac127b00985ffb3a7.css?body=1" for 127.0.0.1 at 2015-03-13 11:30:59 -0500


Started GET "/assets/jquery-87424c3c19e96d4fb033c10ebe21ec40.js?body=1" for 127.0.0.1 at 2015-03-13 11:30:59 -0500


Started GET "/assets/turbolinks-5cadf2bbb275e5d225b448dd6ec65060.js?body=1" for 127.0.0.1 at 2015-03-13 11:30:59 -0500


Started GET "/assets/jquery_ujs-e27bd20a10d28155845a22d71ef94f2f.js?body=1" for 127.0.0.1 at 2015-03-13 11:30:59 -0500


Started GET "/assets/products-fcec5b5a277ac7c20cc9f45a209a3bcd.js?body=1" for 127.0.0.1 at 2015-03-13 11:30:59 -0500


Started GET "/assets/application-82c1f5e5f3f13a81e89b0310d80c0679.js?body=1" for 127.0.0.1 at 2015-03-13 11:30:59 -0500


Started GET "/products" for 127.0.0.1 at 2015-03-13 11:31:53 -0500
Processing by ProductsController#index as HTML
  [1m[35mProduct Load (1.0ms)[0m  SELECT "products"."price" FROM "products"
  [1m[36mProduct Load (0.0ms)[0m  [1mSELECT "products".* FROM "products"[0m
  Rendered products/index.html.erb within layouts/application (4.0ms)
Completed 200 OK in 58ms (Views: 56.0ms | ActiveRecord: 1.0ms)


Started GET "/assets/scaffolds-7bfa2dbc5943d3ba222873ff0009c1b0.css?body=1" for 127.0.0.1 at 2015-03-13 11:31:53 -0500


Started GET "/assets/products-64e62ddc273c2f5847f30d698ca14b67.css?body=1" for 127.0.0.1 at 2015-03-13 11:31:53 -0500


Started GET "/assets/application-449c2b85805a74fac127b00985ffb3a7.css?body=1" for 127.0.0.1 at 2015-03-13 11:31:53 -0500


Started GET "/assets/jquery_ujs-e27bd20a10d28155845a22d71ef94f2f.js?body=1" for 127.0.0.1 at 2015-03-13 11:31:53 -0500


Started GET "/assets/jquery-87424c3c19e96d4fb033c10ebe21ec40.js?body=1" for 127.0.0.1 at 2015-03-13 11:31:53 -0500


Started GET "/assets/turbolinks-5cadf2bbb275e5d225b448dd6ec65060.js?body=1" for 127.0.0.1 at 2015-03-13 11:31:53 -0500


Started GET "/assets/products-fcec5b5a277ac7c20cc9f45a209a3bcd.js?body=1" for 127.0.0.1 at 2015-03-13 11:31:53 -0500


Started GET "/assets/application-82c1f5e5f3f13a81e89b0310d80c0679.js?body=1" for 127.0.0.1 at 2015-03-13 11:31:53 -0500


Started GET "/products" for 127.0.0.1 at 2015-03-13 11:32:03 -0500
Processing by ProductsController#index as HTML
  [1m[35mProduct Load (1.0ms)[0m  SELECT "products"."price" FROM "products"
  [1m[36mProduct Load (0.0ms)[0m  [1mSELECT "products".* FROM "products"[0m
  Rendered products/index.html.erb within layouts/application (6.0ms)
Completed 200 OK in 78ms (Views: 75.0ms | ActiveRecord: 1.0ms)


Started GET "/assets/scaffolds-7bfa2dbc5943d3ba222873ff0009c1b0.css?body=1" for 127.0.0.1 at 2015-03-13 11:32:03 -0500


Started GET "/assets/products-64e62ddc273c2f5847f30d698ca14b67.css?body=1" for 127.0.0.1 at 2015-03-13 11:32:03 -0500


Started GET "/assets/jquery-87424c3c19e96d4fb033c10ebe21ec40.js?body=1" for 127.0.0.1 at 2015-03-13 11:32:03 -0500


Started GET "/assets/application-449c2b85805a74fac127b00985ffb3a7.css?body=1" for 127.0.0.1 at 2015-03-13 11:32:03 -0500


Started GET "/assets/jquery_ujs-e27bd20a10d28155845a22d71ef94f2f.js?body=1" for 127.0.0.1 at 2015-03-13 11:32:03 -0500


Started GET "/assets/turbolinks-5cadf2bbb275e5d225b448dd6ec65060.js?body=1" for 127.0.0.1 at 2015-03-13 11:32:03 -0500


Started GET "/assets/products-fcec5b5a277ac7c20cc9f45a209a3bcd.js?body=1" for 127.0.0.1 at 2015-03-13 11:32:03 -0500


Started GET "/assets/application-82c1f5e5f3f13a81e89b0310d80c0679.js?body=1" for 127.0.0.1 at 2015-03-13 11:32:03 -0500


Started GET "/products" for 127.0.0.1 at 2015-03-13 11:32:25 -0500
Processing by ProductsController#index as HTML
  [1m[35mProduct Load (0.5ms)[0m  SELECT "products"."price" FROM "products"
Completed 500 Internal Server Error in 9ms (ActiveRecord: 0.0ms)

NameError (undefined local variable or method `map!' for #<Product::ActiveRecord_Relation:0x42d7c58>):
  app/controllers/products_controller.rb:9:in `index'


  Rendered C:/RailsInstaller/Ruby2.1.0/lib/ruby/gems/2.1.0/gems/actionpack-4.2.1.rc3/lib/action_dispatch/middleware/templates/rescues/_source.erb (1.0ms)
  Rendered C:/RailsInstaller/Ruby2.1.0/lib/ruby/gems/2.1.0/gems/actionpack-4.2.1.rc3/lib/action_dispatch/middleware/templates/rescues/_trace.html.erb (3.0ms)
  Rendered C:/RailsInstaller/Ruby2.1.0/lib/ruby/gems/2.1.0/gems/actionpack-4.2.1.rc3/lib/action_dispatch/middleware/templates/rescues/_request_and_response.html.erb (1.0ms)
  Rendered C:/RailsInstaller/Ruby2.1.0/lib/ruby/gems/2.1.0/gems/actionpack-4.2.1.rc3/lib/action_dispatch/middleware/templates/rescues/diagnostics.html.erb within rescues/layout (25.0ms)
  Rendered C:/RailsInstaller/Ruby2.1.0/lib/ruby/gems/2.1.0/gems/web-console-2.1.2/lib/web_console/templates/_markup.html.erb (0.0ms)
  Rendered C:/RailsInstaller/Ruby2.1.0/lib/ruby/gems/2.1.0/gems/web-console-2.1.2/lib/web_console/templates/style.css.erb within layouts/inlined_string (0.0ms)
  Rendered C:/RailsInstaller/Ruby2.1.0/lib/ruby/gems/2.1.0/gems/web-console-2.1.2/lib/web_console/templates/_inner_console_markup.html.erb within layouts/inlined_string (0.0ms)
  Rendered C:/RailsInstaller/Ruby2.1.0/lib/ruby/gems/2.1.0/gems/web-console-2.1.2/lib/web_console/templates/_prompt_box_markup.html.erb within layouts/inlined_string (0.0ms)
  Rendered C:/RailsInstaller/Ruby2.1.0/lib/ruby/gems/2.1.0/gems/web-console-2.1.2/lib/web_console/templates/console.js.erb within layouts/javascript (24.0ms)
  Rendered C:/RailsInstaller/Ruby2.1.0/lib/ruby/gems/2.1.0/gems/web-console-2.1.2/lib/web_console/templates/main.js.erb within layouts/javascript (1.0ms)
  Rendered C:/RailsInstaller/Ruby2.1.0/lib/ruby/gems/2.1.0/gems/web-console-2.1.2/lib/web_console/templates/error_page.js.erb within layouts/javascript (0.0ms)
  Rendered C:/RailsInstaller/Ruby2.1.0/lib/ruby/gems/2.1.0/gems/web-console-2.1.2/lib/web_console/templates/index.html.erb (58.1ms)


Started GET "/products" for 127.0.0.1 at 2015-03-13 11:32:47 -0500
Processing by ProductsController#index as HTML
  [1m[36mProduct Load (0.0ms)[0m  [1mSELECT "products"."price" FROM "products"[0m
  [1m[35mProduct Load (0.0ms)[0m  SELECT "products".* FROM "products"
  Rendered products/index.html.erb within layouts/application (3.0ms)
Completed 200 OK in 65ms (Views: 58.0ms | ActiveRecord: 0.0ms)


Started GET "/assets/products-64e62ddc273c2f5847f30d698ca14b67.css?body=1" for 127.0.0.1 at 2015-03-13 11:32:47 -0500


Started GET "/assets/scaffolds-7bfa2dbc5943d3ba222873ff0009c1b0.css?body=1" for 127.0.0.1 at 2015-03-13 11:32:47 -0500


Started GET "/assets/application-449c2b85805a74fac127b00985ffb3a7.css?body=1" for 127.0.0.1 at 2015-03-13 11:32:47 -0500


Started GET "/assets/jquery-87424c3c19e96d4fb033c10ebe21ec40.js?body=1" for 127.0.0.1 at 2015-03-13 11:32:47 -0500


Started GET "/assets/jquery_ujs-e27bd20a10d28155845a22d71ef94f2f.js?body=1" for 127.0.0.1 at 2015-03-13 11:32:47 -0500


Started GET "/assets/turbolinks-5cadf2bbb275e5d225b448dd6ec65060.js?body=1" for 127.0.0.1 at 2015-03-13 11:32:47 -0500


Started GET "/assets/products-fcec5b5a277ac7c20cc9f45a209a3bcd.js?body=1" for 127.0.0.1 at 2015-03-13 11:32:47 -0500


Started GET "/assets/application-82c1f5e5f3f13a81e89b0310d80c0679.js?body=1" for 127.0.0.1 at 2015-03-13 11:32:47 -0500


Started GET "/products" for 127.0.0.1 at 2015-03-13 11:32:58 -0500
Processing by ProductsController#index as HTML
  [1m[36mProduct Load (1.0ms)[0m  [1mSELECT "products"."price" FROM "products"[0m
Completed 500 Internal Server Error in 10ms (ActiveRecord: 0.0ms)

NameError (undefined local variable or method `map!' for #<Product::ActiveRecord_Relation:0x5cd8400>):
  app/controllers/products_controller.rb:9:in `index'


  Rendered C:/RailsInstaller/Ruby2.1.0/lib/ruby/gems/2.1.0/gems/actionpack-4.2.1.rc3/lib/action_dispatch/middleware/templates/rescues/_source.erb (0.0ms)
  Rendered C:/RailsInstaller/Ruby2.1.0/lib/ruby/gems/2.1.0/gems/actionpack-4.2.1.rc3/lib/action_dispatch/middleware/templates/rescues/_trace.html.erb (2.0ms)
  Rendered C:/RailsInstaller/Ruby2.1.0/lib/ruby/gems/2.1.0/gems/actionpack-4.2.1.rc3/lib/action_dispatch/middleware/templates/rescues/_request_and_response.html.erb (1.0ms)
  Rendered C:/RailsInstaller/Ruby2.1.0/lib/ruby/gems/2.1.0/gems/actionpack-4.2.1.rc3/lib/action_dispatch/middleware/templates/rescues/diagnostics.html.erb within rescues/layout (26.0ms)
  Rendered C:/RailsInstaller/Ruby2.1.0/lib/ruby/gems/2.1.0/gems/web-console-2.1.2/lib/web_console/templates/_markup.html.erb (1.0ms)
  Rendered C:/RailsInstaller/Ruby2.1.0/lib/ruby/gems/2.1.0/gems/web-console-2.1.2/lib/web_console/templates/style.css.erb within layouts/inlined_string (0.0ms)
  Rendered C:/RailsInstaller/Ruby2.1.0/lib/ruby/gems/2.1.0/gems/web-console-2.1.2/lib/web_console/templates/_inner_console_markup.html.erb within layouts/inlined_string (0.0ms)
  Rendered C:/RailsInstaller/Ruby2.1.0/lib/ruby/gems/2.1.0/gems/web-console-2.1.2/lib/web_console/templates/_prompt_box_markup.html.erb within layouts/inlined_string (0.0ms)
  Rendered C:/RailsInstaller/Ruby2.1.0/lib/ruby/gems/2.1.0/gems/web-console-2.1.2/lib/web_console/templates/console.js.erb within layouts/javascript (33.0ms)
  Rendered C:/RailsInstaller/Ruby2.1.0/lib/ruby/gems/2.1.0/gems/web-console-2.1.2/lib/web_console/templates/main.js.erb within layouts/javascript (0.0ms)
  Rendered C:/RailsInstaller/Ruby2.1.0/lib/ruby/gems/2.1.0/gems/web-console-2.1.2/lib/web_console/templates/error_page.js.erb within layouts/javascript (1.0ms)
  Rendered C:/RailsInstaller/Ruby2.1.0/lib/ruby/gems/2.1.0/gems/web-console-2.1.2/lib/web_console/templates/index.html.erb (70.0ms)


Started GET "/products" for 127.0.0.1 at 2015-03-13 11:33:04 -0500
Processing by ProductsController#index as HTML
  [1m[35mProduct Load (0.0ms)[0m  SELECT "products"."price" FROM "products"
Completed 500 Internal Server Error in 17ms (ActiveRecord: 0.0ms)

NameError (undefined local variable or method `map!' for #<Product::ActiveRecord_Relation:0x6006420>):
  app/controllers/products_controller.rb:9:in `index'


  Rendered C:/RailsInstaller/Ruby2.1.0/lib/ruby/gems/2.1.0/gems/actionpack-4.2.1.rc3/lib/action_dispatch/middleware/templates/rescues/_source.erb (1.0ms)
  Rendered C:/RailsInstaller/Ruby2.1.0/lib/ruby/gems/2.1.0/gems/actionpack-4.2.1.rc3/lib/action_dispatch/middleware/templates/rescues/_trace.html.erb (3.0ms)
  Rendered C:/RailsInstaller/Ruby2.1.0/lib/ruby/gems/2.1.0/gems/actionpack-4.2.1.rc3/lib/action_dispatch/middleware/templates/rescues/_request_and_response.html.erb (1.0ms)
  Rendered C:/RailsInstaller/Ruby2.1.0/lib/ruby/gems/2.1.0/gems/actionpack-4.2.1.rc3/lib/action_dispatch/middleware/templates/rescues/diagnostics.html.erb within rescues/layout (29.0ms)
  Rendered C:/RailsInstaller/Ruby2.1.0/lib/ruby/gems/2.1.0/gems/web-console-2.1.2/lib/web_console/templates/_markup.html.erb (0.0ms)
  Rendered C:/RailsInstaller/Ruby2.1.0/lib/ruby/gems/2.1.0/gems/web-console-2.1.2/lib/web_console/templates/style.css.erb within layouts/inlined_string (0.0ms)
  Rendered C:/RailsInstaller/Ruby2.1.0/lib/ruby/gems/2.1.0/gems/web-console-2.1.2/lib/web_console/templates/_inner_console_markup.html.erb within layouts/inlined_string (0.0ms)
  Rendered C:/RailsInstaller/Ruby2.1.0/lib/ruby/gems/2.1.0/gems/web-console-2.1.2/lib/web_console/templates/_prompt_box_markup.html.erb within layouts/inlined_string (1.0ms)
  Rendered C:/RailsInstaller/Ruby2.1.0/lib/ruby/gems/2.1.0/gems/web-console-2.1.2/lib/web_console/templates/console.js.erb within layouts/javascript (29.0ms)
  Rendered C:/RailsInstaller/Ruby2.1.0/lib/ruby/gems/2.1.0/gems/web-console-2.1.2/lib/web_console/templates/main.js.erb within layouts/javascript (0.0ms)
  Rendered C:/RailsInstaller/Ruby2.1.0/lib/ruby/gems/2.1.0/gems/web-console-2.1.2/lib/web_console/templates/error_page.js.erb within layouts/javascript (1.0ms)
  Rendered C:/RailsInstaller/Ruby2.1.0/lib/ruby/gems/2.1.0/gems/web-console-2.1.2/lib/web_console/templates/index.html.erb (61.0ms)


Started GET "/products" for 127.0.0.1 at 2015-03-13 11:33:12 -0500
Processing by ProductsController#index as HTML
  [1m[36mProduct Load (0.0ms)[0m  [1mSELECT "products"."price" FROM "products"[0m
  [1m[35mProduct Load (0.0ms)[0m  SELECT "products".* FROM "products"
  Rendered products/index.html.erb within layouts/application (3.0ms)
Completed 200 OK in 59ms (Views: 50.0ms | ActiveRecord: 1.0ms)


Started GET "/assets/products-64e62ddc273c2f5847f30d698ca14b67.css?body=1" for 127.0.0.1 at 2015-03-13 11:33:13 -0500


Started GET "/assets/scaffolds-7bfa2dbc5943d3ba222873ff0009c1b0.css?body=1" for 127.0.0.1 at 2015-03-13 11:33:13 -0500


Started GET "/assets/application-449c2b85805a74fac127b00985ffb3a7.css?body=1" for 127.0.0.1 at 2015-03-13 11:33:13 -0500


Started GET "/assets/jquery-87424c3c19e96d4fb033c10ebe21ec40.js?body=1" for 127.0.0.1 at 2015-03-13 11:33:13 -0500


Started GET "/assets/jquery_ujs-e27bd20a10d28155845a22d71ef94f2f.js?body=1" for 127.0.0.1 at 2015-03-13 11:33:13 -0500


Started GET "/assets/turbolinks-5cadf2bbb275e5d225b448dd6ec65060.js?body=1" for 127.0.0.1 at 2015-03-13 11:33:13 -0500


Started GET "/assets/products-fcec5b5a277ac7c20cc9f45a209a3bcd.js?body=1" for 127.0.0.1 at 2015-03-13 11:33:13 -0500


Started GET "/assets/application-82c1f5e5f3f13a81e89b0310d80c0679.js?body=1" for 127.0.0.1 at 2015-03-13 11:33:13 -0500


Started GET "/products" for 127.0.0.1 at 2015-03-13 11:34:24 -0500
Processing by ProductsController#index as HTML
  [1m[36mProduct Load (0.0ms)[0m  [1mSELECT "products"."price" FROM "products"[0m
  [1m[35mProduct Load (0.0ms)[0m  SELECT "products".* FROM "products"
  Rendered products/index.html.erb within layouts/application (31.0ms)
Completed 200 OK in 91ms (Views: 75.0ms | ActiveRecord: 1.0ms)


Started GET "/assets/jquery_ujs-e27bd20a10d28155845a22d71ef94f2f.js?body=1" for 127.0.0.1 at 2015-03-13 11:34:24 -0500


Started GET "/assets/application-449c2b85805a74fac127b00985ffb3a7.css?body=1" for 127.0.0.1 at 2015-03-13 11:34:24 -0500


Started GET "/assets/turbolinks-5cadf2bbb275e5d225b448dd6ec65060.js?body=1" for 127.0.0.1 at 2015-03-13 11:34:24 -0500


Started GET "/assets/jquery-87424c3c19e96d4fb033c10ebe21ec40.js?body=1" for 127.0.0.1 at 2015-03-13 11:34:24 -0500


Started GET "/assets/scaffolds-7bfa2dbc5943d3ba222873ff0009c1b0.css?body=1" for 127.0.0.1 at 2015-03-13 11:34:24 -0500


Started GET "/assets/products-64e62ddc273c2f5847f30d698ca14b67.css?body=1" for 127.0.0.1 at 2015-03-13 11:34:24 -0500


Started GET "/assets/products-fcec5b5a277ac7c20cc9f45a209a3bcd.js?body=1" for 127.0.0.1 at 2015-03-13 11:34:24 -0500


Started GET "/assets/application-82c1f5e5f3f13a81e89b0310d80c0679.js?body=1" for 127.0.0.1 at 2015-03-13 11:34:24 -0500


Started GET "/products" for 127.0.0.1 at 2015-03-13 11:35:34 -0500
Processing by ProductsController#index as HTML
  [1m[36mProduct Load (0.0ms)[0m  [1mSELECT "products"."price" FROM "products"[0m
  [1m[35mProduct Load (1.0ms)[0m  SELECT "products".* FROM "products"
  Rendered products/index.html.erb within layouts/application (5.0ms)
Completed 200 OK in 67ms (Views: 55.0ms | ActiveRecord: 2.0ms)


Started GET "/assets/products-64e62ddc273c2f5847f30d698ca14b67.css?body=1" for 127.0.0.1 at 2015-03-13 11:35:35 -0500


Started GET "/assets/turbolinks-5cadf2bbb275e5d225b448dd6ec65060.js?body=1" for 127.0.0.1 at 2015-03-13 11:35:35 -0500


Started GET "/assets/scaffolds-7bfa2dbc5943d3ba222873ff0009c1b0.css?body=1" for 127.0.0.1 at 2015-03-13 11:35:35 -0500


Started GET "/assets/jquery-87424c3c19e96d4fb033c10ebe21ec40.js?body=1" for 127.0.0.1 at 2015-03-13 11:35:35 -0500


Started GET "/assets/jquery_ujs-e27bd20a10d28155845a22d71ef94f2f.js?body=1" for 127.0.0.1 at 2015-03-13 11:35:35 -0500


Started GET "/assets/application-449c2b85805a74fac127b00985ffb3a7.css?body=1" for 127.0.0.1 at 2015-03-13 11:35:35 -0500


Started GET "/assets/products-fcec5b5a277ac7c20cc9f45a209a3bcd.js?body=1" for 127.0.0.1 at 2015-03-13 11:35:35 -0500


Started GET "/assets/application-82c1f5e5f3f13a81e89b0310d80c0679.js?body=1" for 127.0.0.1 at 2015-03-13 11:35:35 -0500


Started GET "/products" for 127.0.0.1 at 2015-03-13 11:36:57 -0500
Processing by ProductsController#index as HTML
  [1m[36mProduct Load (0.0ms)[0m  [1mSELECT "products"."price" FROM "products"[0m
  [1m[35mProduct Load (0.0ms)[0m  SELECT "products".* FROM "products"
  Rendered products/index.html.erb within layouts/application (55.4ms)
Completed 200 OK in 140ms (Views: 138.9ms | ActiveRecord: 0.0ms)


Started GET "/assets/scaffolds-7bfa2dbc5943d3ba222873ff0009c1b0.css?body=1" for 127.0.0.1 at 2015-03-13 11:36:57 -0500


Started GET "/assets/application-449c2b85805a74fac127b00985ffb3a7.css?body=1" for 127.0.0.1 at 2015-03-13 11:36:57 -0500


Started GET "/assets/products-64e62ddc273c2f5847f30d698ca14b67.css?body=1" for 127.0.0.1 at 2015-03-13 11:36:57 -0500


Started GET "/assets/application-82c1f5e5f3f13a81e89b0310d80c0679.js?body=1" for 127.0.0.1 at 2015-03-13 11:36:57 -0500


Started GET "/assets/jquery-87424c3c19e96d4fb033c10ebe21ec40.js?body=1" for 127.0.0.1 at 2015-03-13 11:36:57 -0500


Started GET "/assets/turbolinks-5cadf2bbb275e5d225b448dd6ec65060.js?body=1" for 127.0.0.1 at 2015-03-13 11:36:57 -0500


Started GET "/assets/jquery_ujs-e27bd20a10d28155845a22d71ef94f2f.js?body=1" for 127.0.0.1 at 2015-03-13 11:36:57 -0500


Started GET "/assets/products-fcec5b5a277ac7c20cc9f45a209a3bcd.js?body=1" for 127.0.0.1 at 2015-03-13 11:36:57 -0500


Started GET "/products" for 127.0.0.1 at 2015-03-13 11:37:59 -0500
Processing by ProductsController#index as HTML
  [1m[36mProduct Load (0.0ms)[0m  [1mSELECT "products"."price" FROM "products"[0m
  [1m[35mProduct Load (0.0ms)[0m  SELECT "products".* FROM "products"
  Rendered products/index.html.erb within layouts/application (4.0ms)
Completed 200 OK in 58ms (Views: 50.0ms | ActiveRecord: 0.0ms)


Started GET "/assets/jquery_ujs-e27bd20a10d28155845a22d71ef94f2f.js?body=1" for 127.0.0.1 at 2015-03-13 11:37:59 -0500


Started GET "/assets/products-64e62ddc273c2f5847f30d698ca14b67.css?body=1" for 127.0.0.1 at 2015-03-13 11:37:59 -0500


Started GET "/assets/scaffolds-7bfa2dbc5943d3ba222873ff0009c1b0.css?body=1" for 127.0.0.1 at 2015-03-13 11:37:59 -0500


Started GET "/assets/jquery-87424c3c19e96d4fb033c10ebe21ec40.js?body=1" for 127.0.0.1 at 2015-03-13 11:37:59 -0500


Started GET "/assets/turbolinks-5cadf2bbb275e5d225b448dd6ec65060.js?body=1" for 127.0.0.1 at 2015-03-13 11:37:59 -0500


Started GET "/assets/application-449c2b85805a74fac127b00985ffb3a7.css?body=1" for 127.0.0.1 at 2015-03-13 11:37:59 -0500


Started GET "/assets/products-fcec5b5a277ac7c20cc9f45a209a3bcd.js?body=1" for 127.0.0.1 at 2015-03-13 11:37:59 -0500


Started GET "/assets/application-82c1f5e5f3f13a81e89b0310d80c0679.js?body=1" for 127.0.0.1 at 2015-03-13 11:37:59 -0500


Started GET "/products" for 127.0.0.1 at 2015-03-13 11:49:51 -0500
Processing by ProductsController#index as HTML
  [1m[36mProduct Load (0.0ms)[0m  [1mSELECT "products"."price" FROM "products"[0m
  [1m[35m (0.0ms)[0m  SELECT SUM("products"."stock_quantity") FROM "products"
  [1m[36mProduct Load (1.0ms)[0m  [1mSELECT "products".* FROM "products"[0m
  Rendered products/index.html.erb within layouts/application (3.0ms)
Completed 200 OK in 60ms (Views: 50.0ms | ActiveRecord: 2.0ms)


Started GET "/assets/products-64e62ddc273c2f5847f30d698ca14b67.css?body=1" for 127.0.0.1 at 2015-03-13 11:49:52 -0500


Started GET "/assets/turbolinks-5cadf2bbb275e5d225b448dd6ec65060.js?body=1" for 127.0.0.1 at 2015-03-13 11:49:52 -0500


Started GET "/assets/scaffolds-7bfa2dbc5943d3ba222873ff0009c1b0.css?body=1" for 127.0.0.1 at 2015-03-13 11:49:52 -0500


Started GET "/assets/jquery_ujs-e27bd20a10d28155845a22d71ef94f2f.js?body=1" for 127.0.0.1 at 2015-03-13 11:49:52 -0500


Started GET "/assets/application-449c2b85805a74fac127b00985ffb3a7.css?body=1" for 127.0.0.1 at 2015-03-13 11:49:52 -0500


Started GET "/assets/jquery-87424c3c19e96d4fb033c10ebe21ec40.js?body=1" for 127.0.0.1 at 2015-03-13 11:49:52 -0500


Started GET "/assets/products-fcec5b5a277ac7c20cc9f45a209a3bcd.js?body=1" for 127.0.0.1 at 2015-03-13 11:49:52 -0500


Started GET "/assets/application-82c1f5e5f3f13a81e89b0310d80c0679.js?body=1" for 127.0.0.1 at 2015-03-13 11:49:52 -0500


Started GET "/products" for 127.0.0.1 at 2015-03-13 11:50:19 -0500
Processing by ProductsController#index as HTML
  [1m[35mProduct Load (0.5ms)[0m  SELECT "products"."price" FROM "products"
  [1m[36m (0.5ms)[0m  [1mSELECT SUM("products"."stock_quantity") FROM "products"[0m
  [1m[35mProduct Load (0.0ms)[0m  SELECT "products".* FROM "products"
  Rendered products/index.html.erb within layouts/application (3.5ms)
Completed 200 OK in 64ms (Views: 61.1ms | ActiveRecord: 1.0ms)


Started GET "/assets/products-64e62ddc273c2f5847f30d698ca14b67.css?body=1" for 127.0.0.1 at 2015-03-13 11:50:19 -0500


Started GET "/assets/jquery_ujs-e27bd20a10d28155845a22d71ef94f2f.js?body=1" for 127.0.0.1 at 2015-03-13 11:50:19 -0500


Started GET "/assets/application-449c2b85805a74fac127b00985ffb3a7.css?body=1" for 127.0.0.1 at 2015-03-13 11:50:19 -0500


Started GET "/assets/jquery-87424c3c19e96d4fb033c10ebe21ec40.js?body=1" for 127.0.0.1 at 2015-03-13 11:50:19 -0500


Started GET "/assets/scaffolds-7bfa2dbc5943d3ba222873ff0009c1b0.css?body=1" for 127.0.0.1 at 2015-03-13 11:50:19 -0500


Started GET "/assets/turbolinks-5cadf2bbb275e5d225b448dd6ec65060.js?body=1" for 127.0.0.1 at 2015-03-13 11:50:19 -0500


Started GET "/assets/products-fcec5b5a277ac7c20cc9f45a209a3bcd.js?body=1" for 127.0.0.1 at 2015-03-13 11:50:19 -0500


Started GET "/assets/application-82c1f5e5f3f13a81e89b0310d80c0679.js?body=1" for 127.0.0.1 at 2015-03-13 11:50:19 -0500


Started GET "/products" for 127.0.0.1 at 2015-03-13 11:51:01 -0500
Processing by ProductsController#index as HTML
  [1m[36mProduct Load (1.0ms)[0m  [1mSELECT "products"."price" FROM "products"[0m
  [1m[35m (0.0ms)[0m  SELECT SUM("products"."stock_quantity") FROM "products"
  [1m[36mProduct Load (1.0ms)[0m  [1mSELECT "products".* FROM "products"[0m
  Rendered products/index.html.erb within layouts/application (11.0ms)
Completed 200 OK in 96ms (Views: 89.0ms | ActiveRecord: 2.0ms)


Started GET "/assets/scaffolds-7bfa2dbc5943d3ba222873ff0009c1b0.css?body=1" for 127.0.0.1 at 2015-03-13 11:51:02 -0500


Started GET "/assets/jquery-87424c3c19e96d4fb033c10ebe21ec40.js?body=1" for 127.0.0.1 at 2015-03-13 11:51:02 -0500


Started GET "/assets/jquery_ujs-e27bd20a10d28155845a22d71ef94f2f.js?body=1" for 127.0.0.1 at 2015-03-13 11:51:02 -0500


Started GET "/assets/application-449c2b85805a74fac127b00985ffb3a7.css?body=1" for 127.0.0.1 at 2015-03-13 11:51:02 -0500


Started GET "/assets/turbolinks-5cadf2bbb275e5d225b448dd6ec65060.js?body=1" for 127.0.0.1 at 2015-03-13 11:51:02 -0500


Started GET "/assets/products-64e62ddc273c2f5847f30d698ca14b67.css?body=1" for 127.0.0.1 at 2015-03-13 11:51:02 -0500


Started GET "/assets/products-fcec5b5a277ac7c20cc9f45a209a3bcd.js?body=1" for 127.0.0.1 at 2015-03-13 11:51:02 -0500


Started GET "/assets/application-82c1f5e5f3f13a81e89b0310d80c0679.js?body=1" for 127.0.0.1 at 2015-03-13 11:51:02 -0500


Started GET "/products" for 127.0.0.1 at 2015-03-13 11:51:11 -0500
Processing by ProductsController#index as HTML
  [1m[35mProduct Load (1.0ms)[0m  SELECT "products"."price" FROM "products"
  [1m[36m (0.0ms)[0m  [1mSELECT SUM("products"."stock_quantity") FROM "products"[0m
  [1m[35mProduct Load (1.0ms)[0m  SELECT "products".* FROM "products"
  Rendered products/index.html.erb within layouts/application (6.0ms)
Completed 200 OK in 65ms (Views: 61.0ms | ActiveRecord: 2.0ms)


Started GET "/assets/products-64e62ddc273c2f5847f30d698ca14b67.css?body=1" for 127.0.0.1 at 2015-03-13 11:51:11 -0500


Started GET "/assets/jquery_ujs-e27bd20a10d28155845a22d71ef94f2f.js?body=1" for 127.0.0.1 at 2015-03-13 11:51:11 -0500


Started GET "/assets/jquery-87424c3c19e96d4fb033c10ebe21ec40.js?body=1" for 127.0.0.1 at 2015-03-13 11:51:11 -0500


Started GET "/assets/scaffolds-7bfa2dbc5943d3ba222873ff0009c1b0.css?body=1" for 127.0.0.1 at 2015-03-13 11:51:11 -0500


Started GET "/assets/turbolinks-5cadf2bbb275e5d225b448dd6ec65060.js?body=1" for 127.0.0.1 at 2015-03-13 11:51:11 -0500


Started GET "/assets/application-449c2b85805a74fac127b00985ffb3a7.css?body=1" for 127.0.0.1 at 2015-03-13 11:51:11 -0500


Started GET "/assets/products-fcec5b5a277ac7c20cc9f45a209a3bcd.js?body=1" for 127.0.0.1 at 2015-03-13 11:51:11 -0500


Started GET "/assets/application-82c1f5e5f3f13a81e89b0310d80c0679.js?body=1" for 127.0.0.1 at 2015-03-13 11:51:11 -0500


Started GET "/products" for 127.0.0.1 at 2015-03-13 11:51:28 -0500
Processing by ProductsController#index as HTML
  [1m[36mProduct Load (1.0ms)[0m  [1mSELECT "products"."price" FROM "products"[0m
  [1m[35m (1.0ms)[0m  SELECT SUM("products"."stock_quantity") FROM "products"
  [1m[36mProduct Load (1.0ms)[0m  [1mSELECT "products".* FROM "products"[0m
  Rendered products/index.html.erb within layouts/application (6.0ms)
Completed 200 OK in 65ms (Views: 60.0ms | ActiveRecord: 3.0ms)


Started GET "/assets/products-64e62ddc273c2f5847f30d698ca14b67.css?body=1" for 127.0.0.1 at 2015-03-13 11:51:28 -0500


Started GET "/assets/scaffolds-7bfa2dbc5943d3ba222873ff0009c1b0.css?body=1" for 127.0.0.1 at 2015-03-13 11:51:28 -0500


Started GET "/assets/turbolinks-5cadf2bbb275e5d225b448dd6ec65060.js?body=1" for 127.0.0.1 at 2015-03-13 11:51:28 -0500


Started GET "/assets/jquery_ujs-e27bd20a10d28155845a22d71ef94f2f.js?body=1" for 127.0.0.1 at 2015-03-13 11:51:28 -0500


Started GET "/assets/jquery-87424c3c19e96d4fb033c10ebe21ec40.js?body=1" for 127.0.0.1 at 2015-03-13 11:51:28 -0500


Started GET "/assets/application-449c2b85805a74fac127b00985ffb3a7.css?body=1" for 127.0.0.1 at 2015-03-13 11:51:28 -0500


Started GET "/assets/products-fcec5b5a277ac7c20cc9f45a209a3bcd.js?body=1" for 127.0.0.1 at 2015-03-13 11:51:28 -0500


Started GET "/assets/application-82c1f5e5f3f13a81e89b0310d80c0679.js?body=1" for 127.0.0.1 at 2015-03-13 11:51:28 -0500


Started GET "/products" for 127.0.0.1 at 2015-03-13 11:51:30 -0500
Processing by ProductsController#index as HTML
  [1m[35mProduct Load (0.0ms)[0m  SELECT "products"."price" FROM "products"
  [1m[36m (0.0ms)[0m  [1mSELECT SUM("products"."stock_quantity") FROM "products"[0m
  [1m[35mProduct Load (1.0ms)[0m  SELECT "products".* FROM "products"
  Rendered products/index.html.erb within layouts/application (8.0ms)
Completed 200 OK in 78ms (Views: 72.0ms | ActiveRecord: 1.0ms)


Started GET "/assets/jquery-87424c3c19e96d4fb033c10ebe21ec40.js?body=1" for 127.0.0.1 at 2015-03-13 11:51:30 -0500


Started GET "/assets/application-449c2b85805a74fac127b00985ffb3a7.css?body=1" for 127.0.0.1 at 2015-03-13 11:51:30 -0500


Started GET "/assets/turbolinks-5cadf2bbb275e5d225b448dd6ec65060.js?body=1" for 127.0.0.1 at 2015-03-13 11:51:30 -0500


Started GET "/assets/scaffolds-7bfa2dbc5943d3ba222873ff0009c1b0.css?body=1" for 127.0.0.1 at 2015-03-13 11:51:30 -0500


Started GET "/assets/jquery_ujs-e27bd20a10d28155845a22d71ef94f2f.js?body=1" for 127.0.0.1 at 2015-03-13 11:51:30 -0500


Started GET "/assets/products-64e62ddc273c2f5847f30d698ca14b67.css?body=1" for 127.0.0.1 at 2015-03-13 11:51:30 -0500


Started GET "/assets/products-fcec5b5a277ac7c20cc9f45a209a3bcd.js?body=1" for 127.0.0.1 at 2015-03-13 11:51:30 -0500


Started GET "/assets/application-82c1f5e5f3f13a81e89b0310d80c0679.js?body=1" for 127.0.0.1 at 2015-03-13 11:51:30 -0500


Started GET "/products" for 127.0.0.1 at 2015-03-13 11:51:36 -0500
Processing by ProductsController#index as HTML
  [1m[36mProduct Load (0.0ms)[0m  [1mSELECT "products"."price" FROM "products"[0m
  [1m[35m (0.0ms)[0m  SELECT SUM("products"."stock_quantity") FROM "products"
  [1m[36mProduct Load (1.0ms)[0m  [1mSELECT "products".* FROM "products"[0m
  Rendered products/index.html.erb within layouts/application (4.0ms)
Completed 200 OK in 55ms (Views: 52.0ms | ActiveRecord: 1.0ms)


Started GET "/assets/application-449c2b85805a74fac127b00985ffb3a7.css?body=1" for 127.0.0.1 at 2015-03-13 11:51:36 -0500


Started GET "/assets/products-64e62ddc273c2f5847f30d698ca14b67.css?body=1" for 127.0.0.1 at 2015-03-13 11:51:36 -0500


Started GET "/assets/scaffolds-7bfa2dbc5943d3ba222873ff0009c1b0.css?body=1" for 127.0.0.1 at 2015-03-13 11:51:36 -0500


Started GET "/assets/turbolinks-5cadf2bbb275e5d225b448dd6ec65060.js?body=1" for 127.0.0.1 at 2015-03-13 11:51:36 -0500


Started GET "/assets/jquery-87424c3c19e96d4fb033c10ebe21ec40.js?body=1" for 127.0.0.1 at 2015-03-13 11:51:36 -0500


Started GET "/assets/jquery_ujs-e27bd20a10d28155845a22d71ef94f2f.js?body=1" for 127.0.0.1 at 2015-03-13 11:51:36 -0500


Started GET "/assets/products-fcec5b5a277ac7c20cc9f45a209a3bcd.js?body=1" for 127.0.0.1 at 2015-03-13 11:51:36 -0500


Started GET "/assets/application-82c1f5e5f3f13a81e89b0310d80c0679.js?body=1" for 127.0.0.1 at 2015-03-13 11:51:36 -0500


Started GET "/products" for 127.0.0.1 at 2015-03-13 11:51:36 -0500
Processing by ProductsController#index as HTML
  [1m[35mProduct Load (1.0ms)[0m  SELECT "products"."price" FROM "products"
  [1m[36m (0.0ms)[0m  [1mSELECT SUM("products"."stock_quantity") FROM "products"[0m
  [1m[35mProduct Load (0.0ms)[0m  SELECT "products".* FROM "products"
  Rendered products/index.html.erb within layouts/application (8.0ms)
Completed 200 OK in 88ms (Views: 84.0ms | ActiveRecord: 1.0ms)


Started GET "/assets/products-64e62ddc273c2f5847f30d698ca14b67.css?body=1" for 127.0.0.1 at 2015-03-13 11:51:37 -0500


Started GET "/assets/application-449c2b85805a74fac127b00985ffb3a7.css?body=1" for 127.0.0.1 at 2015-03-13 11:51:37 -0500


Started GET "/assets/jquery_ujs-e27bd20a10d28155845a22d71ef94f2f.js?body=1" for 127.0.0.1 at 2015-03-13 11:51:37 -0500


Started GET "/assets/scaffolds-7bfa2dbc5943d3ba222873ff0009c1b0.css?body=1" for 127.0.0.1 at 2015-03-13 11:51:37 -0500


Started GET "/assets/jquery-87424c3c19e96d4fb033c10ebe21ec40.js?body=1" for 127.0.0.1 at 2015-03-13 11:51:37 -0500


Started GET "/assets/turbolinks-5cadf2bbb275e5d225b448dd6ec65060.js?body=1" for 127.0.0.1 at 2015-03-13 11:51:37 -0500


Started GET "/assets/products-fcec5b5a277ac7c20cc9f45a209a3bcd.js?body=1" for 127.0.0.1 at 2015-03-13 11:51:37 -0500


Started GET "/assets/application-82c1f5e5f3f13a81e89b0310d80c0679.js?body=1" for 127.0.0.1 at 2015-03-13 11:51:37 -0500


Started GET "/products" for 127.0.0.1 at 2015-03-13 11:51:51 -0500
Processing by ProductsController#index as HTML
  [1m[36mProduct Load (1.0ms)[0m  [1mSELECT "products"."price" FROM "products"[0m
  [1m[35m (1.0ms)[0m  SELECT SUM("products"."stock_quantity") FROM "products"
  [1m[36mProduct Load (0.0ms)[0m  [1mSELECT "products".* FROM "products"[0m
  Rendered products/index.html.erb within layouts/application (8.0ms)
Completed 200 OK in 80ms (Views: 75.0ms | ActiveRecord: 2.0ms)


Started GET "/assets/jquery-87424c3c19e96d4fb033c10ebe21ec40.js?body=1" for 127.0.0.1 at 2015-03-13 11:51:51 -0500


Started GET "/assets/jquery_ujs-e27bd20a10d28155845a22d71ef94f2f.js?body=1" for 127.0.0.1 at 2015-03-13 11:51:51 -0500


Started GET "/assets/application-449c2b85805a74fac127b00985ffb3a7.css?body=1" for 127.0.0.1 at 2015-03-13 11:51:51 -0500


Started GET "/assets/scaffolds-7bfa2dbc5943d3ba222873ff0009c1b0.css?body=1" for 127.0.0.1 at 2015-03-13 11:51:51 -0500


Started GET "/assets/products-64e62ddc273c2f5847f30d698ca14b67.css?body=1" for 127.0.0.1 at 2015-03-13 11:51:51 -0500


Started GET "/assets/turbolinks-5cadf2bbb275e5d225b448dd6ec65060.js?body=1" for 127.0.0.1 at 2015-03-13 11:51:51 -0500


Started GET "/assets/products-fcec5b5a277ac7c20cc9f45a209a3bcd.js?body=1" for 127.0.0.1 at 2015-03-13 11:51:51 -0500


Started GET "/assets/application-82c1f5e5f3f13a81e89b0310d80c0679.js?body=1" for 127.0.0.1 at 2015-03-13 11:51:51 -0500


Started GET "/products" for 127.0.0.1 at 2015-03-13 11:52:01 -0500
Processing by ProductsController#index as HTML
  [1m[35mProduct Load (1.0ms)[0m  SELECT "products"."price" FROM "products"
  [1m[36m (0.0ms)[0m  [1mSELECT SUM("products"."stock_quantity") FROM "products"[0m
  [1m[35mProduct Load (1.0ms)[0m  SELECT "products".* FROM "products"
  Rendered products/index.html.erb within layouts/application (10.0ms)
Completed 200 OK in 82ms (Views: 76.0ms | ActiveRecord: 2.0ms)


Started GET "/assets/jquery-87424c3c19e96d4fb033c10ebe21ec40.js?body=1" for 127.0.0.1 at 2015-03-13 11:52:01 -0500


Started GET "/assets/products-64e62ddc273c2f5847f30d698ca14b67.css?body=1" for 127.0.0.1 at 2015-03-13 11:52:01 -0500


Started GET "/assets/scaffolds-7bfa2dbc5943d3ba222873ff0009c1b0.css?body=1" for 127.0.0.1 at 2015-03-13 11:52:01 -0500


Started GET "/assets/application-449c2b85805a74fac127b00985ffb3a7.css?body=1" for 127.0.0.1 at 2015-03-13 11:52:01 -0500


Started GET "/assets/turbolinks-5cadf2bbb275e5d225b448dd6ec65060.js?body=1" for 127.0.0.1 at 2015-03-13 11:52:01 -0500


Started GET "/assets/jquery_ujs-e27bd20a10d28155845a22d71ef94f2f.js?body=1" for 127.0.0.1 at 2015-03-13 11:52:01 -0500


Started GET "/assets/products-fcec5b5a277ac7c20cc9f45a209a3bcd.js?body=1" for 127.0.0.1 at 2015-03-13 11:52:01 -0500


Started GET "/assets/application-82c1f5e5f3f13a81e89b0310d80c0679.js?body=1" for 127.0.0.1 at 2015-03-13 11:52:01 -0500


Started GET "/products" for 127.0.0.1 at 2015-03-13 11:52:06 -0500
Processing by ProductsController#index as HTML
  [1m[36mProduct Load (1.0ms)[0m  [1mSELECT "products"."price" FROM "products"[0m
  [1m[35m (0.0ms)[0m  SELECT SUM("products"."stock_quantity") FROM "products"
  [1m[36mProduct Load (1.0ms)[0m  [1mSELECT "products".* FROM "products"[0m
  Rendered products/index.html.erb within layouts/application (5.0ms)
Completed 200 OK in 76ms (Views: 70.4ms | ActiveRecord: 2.0ms)


Started GET "/assets/scaffolds-7bfa2dbc5943d3ba222873ff0009c1b0.css?body=1" for 127.0.0.1 at 2015-03-13 11:52:06 -0500


Started GET "/assets/application-449c2b85805a74fac127b00985ffb3a7.css?body=1" for 127.0.0.1 at 2015-03-13 11:52:06 -0500


Started GET "/assets/jquery_ujs-e27bd20a10d28155845a22d71ef94f2f.js?body=1" for 127.0.0.1 at 2015-03-13 11:52:06 -0500


Started GET "/assets/turbolinks-5cadf2bbb275e5d225b448dd6ec65060.js?body=1" for 127.0.0.1 at 2015-03-13 11:52:06 -0500


Started GET "/assets/jquery-87424c3c19e96d4fb033c10ebe21ec40.js?body=1" for 127.0.0.1 at 2015-03-13 11:52:06 -0500


Started GET "/assets/products-64e62ddc273c2f5847f30d698ca14b67.css?body=1" for 127.0.0.1 at 2015-03-13 11:52:06 -0500


Started GET "/assets/products-fcec5b5a277ac7c20cc9f45a209a3bcd.js?body=1" for 127.0.0.1 at 2015-03-13 11:52:06 -0500


Started GET "/assets/application-82c1f5e5f3f13a81e89b0310d80c0679.js?body=1" for 127.0.0.1 at 2015-03-13 11:52:06 -0500
